  Compiling CUDA source file kernel.cu...
  
  G:\Gitlab and Github Projects\Ray-Tracing-Week-Series\Projects\OneWeekWithCUDA\OneWeekWithCUDA>"C:\Program Files\NVIDIA GPU Computing Toolkit\CUDA\v11.3\bin\nvcc.exe" -gencode=arch=compute_52,code=\"sm_52,compute_52\" --use-local-env -ccbin "D:\BasicSoftwares\Visual Studio Community 2019\VC\Tools\MSVC\14.29.30133\bin\HostX86\x64" -x cu   -I"C:\Program Files\NVIDIA GPU Computing Toolkit\CUDA\v11.3\include" -I"C:\Program Files\NVIDIA GPU Computing Toolkit\CUDA\v11.3\include"  -G   --keep-dir x64\Debug  -maxrregcount=0  --machine 64 --compile -cudart static --expt-relaxed-constexpr  -std=c++17 -Xcompiler "/std:c++17" -g  -DWIN32 -DWIN64 -D_DEBUG -D_CONSOLE -D_MBCS -Xcompiler "/EHsc /W3 /nologo /Od /Fdx64\Debug\vc142.pdb /FS /Zi /RTC1 /MDd " -o x64\Debug\kernel.cu.obj "G:\Gitlab and Github Projects\Ray-Tracing-Week-Series\Projects\OneWeekWithCUDA\OneWeekWithCUDA\kernel.cu" 
G:\Gitlab and Github Projects\Ray-Tracing-Week-Series\Projects\OneWeekWithCUDA\OneWeekWithCUDA\utility.hpp(54): warning : calling a __host__ function from a __host__ __device__ function is not allowed
  
G:\Gitlab and Github Projects\Ray-Tracing-Week-Series\Projects\OneWeekWithCUDA\OneWeekWithCUDA\vector.hpp(26): warning : __host__ annotation is ignored on a function("Vector3") that is explicitly defaulted on its first declaration
  
G:\Gitlab and Github Projects\Ray-Tracing-Week-Series\Projects\OneWeekWithCUDA\OneWeekWithCUDA\vector.hpp(26): warning : __device__ annotation is ignored on a function("Vector3") that is explicitly defaulted on its first declaration
  
G:\Gitlab and Github Projects\Ray-Tracing-Week-Series\Projects\OneWeekWithCUDA\OneWeekWithCUDA\vector.hpp(27): warning : __host__ annotation is ignored on a function("~Vector3") that is explicitly defaulted on its first declaration
  
G:\Gitlab and Github Projects\Ray-Tracing-Week-Series\Projects\OneWeekWithCUDA\OneWeekWithCUDA\vector.hpp(27): warning : __device__ annotation is ignored on a function("~Vector3") that is explicitly defaulted on its first declaration
  
G:\Gitlab and Github Projects\Ray-Tracing-Week-Series\Projects\OneWeekWithCUDA\OneWeekWithCUDA\vector.hpp(31): warning : __host__ annotation is ignored on a function("operator=") that is explicitly defaulted on its first declaration
  
G:\Gitlab and Github Projects\Ray-Tracing-Week-Series\Projects\OneWeekWithCUDA\OneWeekWithCUDA\vector.hpp(31): warning : __device__ annotation is ignored on a function("operator=") that is explicitly defaulted on its first declaration
  
G:\Gitlab and Github Projects\Ray-Tracing-Week-Series\Projects\OneWeekWithCUDA\OneWeekWithCUDA\vector.hpp(32): warning : __host__ annotation is ignored on a function("operator=") that is explicitly defaulted on its first declaration
  
G:\Gitlab and Github Projects\Ray-Tracing-Week-Series\Projects\OneWeekWithCUDA\OneWeekWithCUDA\vector.hpp(32): warning : __device__ annotation is ignored on a function("operator=") that is explicitly defaulted on its first declaration
  
G:\Gitlab and Github Projects\Ray-Tracing-Week-Series\Projects\OneWeekWithCUDA\OneWeekWithCUDA\ray.hpp(13): warning : __device__ annotation is ignored on a function("~ray") that is explicitly defaulted on its first declaration
  
G:\Gitlab and Github Projects\Ray-Tracing-Week-Series\Projects\OneWeekWithCUDA\OneWeekWithCUDA\hit_record.hpp(21): warning : __device__ annotation is ignored on a function("~hit_record") that is explicitly defaulted on its first declaration
  
G:\Gitlab and Github Projects\Ray-Tracing-Week-Series\Projects\OneWeekWithCUDA\OneWeekWithCUDA\hitable_list.hpp(9): warning : expression has no effect
  
G:\Gitlab and Github Projects\Ray-Tracing-Week-Series\Projects\OneWeekWithCUDA\OneWeekWithCUDA\kernel.cu(156): warning : ignoring return value from routine declared with "nodiscard" attribute
  
CUDACOMPILE : ptxas warning : Stack size for entry function '_Z6renderP7Vector3iiiPP7hitableP17curandStateXORWOWPP6camerai' cannot be statically determined
G:\Gitlab and Github Projects\Ray-Tracing-Week-Series\Projects\OneWeekWithCUDA\OneWeekWithCUDA\vector.hpp(26): warning : __host__ annotation is ignored on a function("Vector3") that is explicitly defaulted on its first declaration
  
G:\Gitlab and Github Projects\Ray-Tracing-Week-Series\Projects\OneWeekWithCUDA\OneWeekWithCUDA\vector.hpp(26): warning : __device__ annotation is ignored on a function("Vector3") that is explicitly defaulted on its first declaration
  
G:\Gitlab and Github Projects\Ray-Tracing-Week-Series\Projects\OneWeekWithCUDA\OneWeekWithCUDA\vector.hpp(27): warning : __host__ annotation is ignored on a function("~Vector3") that is explicitly defaulted on its first declaration
  
G:\Gitlab and Github Projects\Ray-Tracing-Week-Series\Projects\OneWeekWithCUDA\OneWeekWithCUDA\vector.hpp(27): warning : __device__ annotation is ignored on a function("~Vector3") that is explicitly defaulted on its first declaration
  
G:\Gitlab and Github Projects\Ray-Tracing-Week-Series\Projects\OneWeekWithCUDA\OneWeekWithCUDA\vector.hpp(31): warning : __host__ annotation is ignored on a function("operator=") that is explicitly defaulted on its first declaration
  
G:\Gitlab and Github Projects\Ray-Tracing-Week-Series\Projects\OneWeekWithCUDA\OneWeekWithCUDA\vector.hpp(31): warning : __device__ annotation is ignored on a function("operator=") that is explicitly defaulted on its first declaration
  
G:\Gitlab and Github Projects\Ray-Tracing-Week-Series\Projects\OneWeekWithCUDA\OneWeekWithCUDA\vector.hpp(32): warning : __host__ annotation is ignored on a function("operator=") that is explicitly defaulted on its first declaration
  
G:\Gitlab and Github Projects\Ray-Tracing-Week-Series\Projects\OneWeekWithCUDA\OneWeekWithCUDA\vector.hpp(32): warning : __device__ annotation is ignored on a function("operator=") that is explicitly defaulted on its first declaration
  
G:\Gitlab and Github Projects\Ray-Tracing-Week-Series\Projects\OneWeekWithCUDA\OneWeekWithCUDA\ray.hpp(13): warning : __device__ annotation is ignored on a function("~ray") that is explicitly defaulted on its first declaration
  
G:\Gitlab and Github Projects\Ray-Tracing-Week-Series\Projects\OneWeekWithCUDA\OneWeekWithCUDA\hit_record.hpp(21): warning : __device__ annotation is ignored on a function("~hit_record") that is explicitly defaulted on its first declaration
  
G:\Gitlab and Github Projects\Ray-Tracing-Week-Series\Projects\OneWeekWithCUDA\OneWeekWithCUDA\hitable_list.hpp(9): warning : expression has no effect
  
G:\Gitlab and Github Projects\Ray-Tracing-Week-Series\Projects\OneWeekWithCUDA\OneWeekWithCUDA\kernel.cu(156): warning : ignoring return value from routine declared with "nodiscard" attribute
  
  kernel.cu
G:\Gitlab and Github Projects\Ray-Tracing-Week-Series\Projects\OneWeekWithCUDA\OneWeekWithCUDA\vector.hpp(195): warning C4244: 'argument': conversion from 'double' to 'float', possible loss of data
G:\Gitlab and Github Projects\Ray-Tracing-Week-Series\Projects\OneWeekWithCUDA\OneWeekWithCUDA\ray.hpp(14): warning C4305: 'initializing': truncation from 'double' to 'float'
G:\Gitlab and Github Projects\Ray-Tracing-Week-Series\Projects\OneWeekWithCUDA\OneWeekWithCUDA\ray.hpp(17): warning C4305: 'initializing': truncation from 'double' to 'float'
G:\Gitlab and Github Projects\Ray-Tracing-Week-Series\Projects\OneWeekWithCUDA\OneWeekWithCUDA\material.hpp(69): warning C4244: 'initializing': conversion from 'double' to 'float', possible loss of data
     Creating library G:\Gitlab and Github Projects\Ray-Tracing-Week-Series\Projects\OneWeekWithCUDA\x64\Debug\OneWeekWithCUDA.lib and object G:\Gitlab and Github Projects\Ray-Tracing-Week-Series\Projects\OneWeekWithCUDA\x64\Debug\OneWeekWithCUDA.exp
  OneWeekWithCUDA.vcxproj -> G:\Gitlab and Github Projects\Ray-Tracing-Week-Series\Projects\OneWeekWithCUDA\x64\Debug\OneWeekWithCUDA.exe
